<?xml version="1.0" encoding="UTF-8"?>
<coverage generated="1768173193">
  <project timestamp="1768173193">
    <package name="spriebsch\diContainer">
      <file name="/workspace/src/AbstractFactory.php">
        <class name="spriebsch\diContainer\AbstractFactory" namespace="spriebsch\diContainer">
          <metrics complexity="39" methods="13" coveredmethods="11" conditionals="0" coveredconditionals="0" statements="72" coveredstatements="69" elements="85" coveredelements="80"/>
        </class>
        <line num="11" type="method" name="__construct" visibility="public" complexity="1" crap="1" count="33"/>
        <line num="15" type="stmt" count="33"/>
        <line num="17" type="method" name="canCreate" visibility="public" complexity="2" crap="2" count="32"/>
        <line num="19" type="stmt" count="32"/>
        <line num="22" type="method" name="create" visibility="public" complexity="4" crap="4" count="32"/>
        <line num="24" type="stmt" count="32"/>
        <line num="25" type="stmt" count="1"/>
        <line num="28" type="stmt" count="32"/>
        <line num="29" type="stmt" count="16"/>
        <line num="31" type="stmt" count="17"/>
        <line num="32" type="stmt" count="17"/>
        <line num="35" type="stmt" count="23"/>
        <line num="38" type="stmt" count="21"/>
        <line num="41" type="method" name="Container" visibility="public" complexity="1" crap="1" count="2"/>
        <line num="43" type="stmt" count="2"/>
        <line num="46" type="method" name="Configuration" visibility="public" complexity="1" crap="1" count="2"/>
        <line num="48" type="stmt" count="2"/>
        <line num="51" type="method" name="canHandleRegularType" visibility="private" complexity="4" crap="4" count="19"/>
        <line num="53" type="stmt" count="19"/>
        <line num="54" type="stmt" count="19"/>
        <line num="56" type="stmt" count="19"/>
        <line num="57" type="stmt" count="3"/>
        <line num="60" type="stmt" count="17"/>
        <line num="63" type="method" name="handleRegularType" visibility="private" complexity="6" crap="6" count="17"/>
        <line num="66" type="stmt" count="17"/>
        <line num="68" type="stmt" count="17"/>
        <line num="69" type="stmt" count="7"/>
        <line num="71" type="stmt" count="5"/>
        <line num="74" type="stmt" count="13"/>
        <line num="76" type="stmt" count="13"/>
        <line num="77" type="stmt" count="2"/>
        <line num="79" type="stmt" count="2"/>
        <line num="82" type="stmt" count="11"/>
        <line num="83" type="stmt" count="4"/>
        <line num="84" type="stmt" count="4"/>
        <line num="88" type="method" name="autoWire" visibility="private" complexity="6" crap="6" count="11"/>
        <line num="91" type="stmt" count="11"/>
        <line num="93" type="stmt" count="11"/>
        <line num="94" type="stmt" count="11"/>
        <line num="96" type="stmt" count="11"/>
        <line num="97" type="stmt" count="5"/>
        <line num="100" type="stmt" count="8"/>
        <line num="102" type="stmt" count="8"/>
        <line num="103" type="stmt" count="2"/>
        <line num="106" type="stmt" count="6"/>
        <line num="108" type="stmt" count="6"/>
        <line num="110" type="stmt" count="6"/>
        <line num="111" type="stmt" count="1"/>
        <line num="115" type="stmt" count="6"/>
        <line num="117" type="stmt" count="6"/>
        <line num="118" type="stmt" count="1"/>
        <line num="122" type="stmt" count="5"/>
        <line num="124" type="stmt" count="5"/>
        <line num="127" type="stmt" count="4"/>
        <line num="130" type="method" name="canHandleVirtualType" visibility="private" complexity="1" crap="1" count="32"/>
        <line num="132" type="stmt" count="32"/>
        <line num="135" type="method" name="handleVirtualType" visibility="private" complexity="3" crap="3" count="16"/>
        <line num="137" type="stmt" count="16"/>
        <line num="138" type="stmt" count="2"/>
        <line num="142" type="stmt" count="14"/>
        <line num="144" type="stmt" count="14"/>
        <line num="146" type="stmt" count="11"/>
        <line num="147" type="stmt" count="3"/>
        <line num="148" type="stmt" count="3"/>
        <line num="152" type="method" name="ensureIsObject" visibility="private" complexity="2" crap="2" count="23"/>
        <line num="154" type="stmt" count="23"/>
        <line num="155" type="stmt" count="2"/>
        <line num="159" type="method" name="ensureTypeExists" visibility="private" complexity="2" crap="2.50" count="17"/>
        <line num="161" type="stmt" count="17"/>
        <line num="162" type="stmt" count="0"/>
        <line num="166" type="method" name="ensureParameterCountMatches" visibility="private" complexity="6" crap="6.10" count="8"/>
        <line num="168" type="stmt" count="8"/>
        <line num="169" type="stmt" count="8"/>
        <line num="170" type="stmt" count="8"/>
        <line num="172" type="stmt" count="8"/>
        <line num="174" type="stmt" count="3"/>
        <line num="175" type="stmt" count="1"/>
        <line num="178" type="stmt" count="2"/>
        <line num="181" type="stmt" count="5"/>
        <line num="183" type="stmt" count="5"/>
        <line num="184" type="stmt" count="0"/>
        <line num="187" type="stmt" count="5"/>
        <line num="188" type="stmt" count="0"/>
        <line num="191" type="stmt" count="5"/>
        <line num="192" type="stmt" count="1"/>
        <metrics loc="196" ncloc="192" classes="1" methods="13" coveredmethods="11" conditionals="0" coveredconditionals="0" statements="72" coveredstatements="69" elements="85" coveredelements="80"/>
      </file>
      <file name="/workspace/src/AutoWireException.php">
        <class name="spriebsch\diContainer\AutoWireException" namespace="spriebsch\diContainer">
          <metrics complexity="3" methods="3" coveredmethods="3" conditionals="0" coveredconditionals="0" statements="24" coveredstatements="24" elements="27" coveredelements="27"/>
        </class>
        <line num="10" type="method" name="constructorParameterHasNoType" visibility="public" complexity="1" crap="1" count="1"/>
        <line num="12" type="stmt" count="1"/>
        <line num="13" type="stmt" count="1"/>
        <line num="14" type="stmt" count="1"/>
        <line num="15" type="stmt" count="1"/>
        <line num="16" type="stmt" count="1"/>
        <line num="17" type="stmt" count="1"/>
        <line num="18" type="stmt" count="1"/>
        <line num="21" type="method" name="constructorParameterHasScalarType" visibility="public" complexity="1" crap="1" count="1"/>
        <line num="23" type="stmt" count="1"/>
        <line num="24" type="stmt" count="1"/>
        <line num="25" type="stmt" count="1"/>
        <line num="26" type="stmt" count="1"/>
        <line num="27" type="stmt" count="1"/>
        <line num="28" type="stmt" count="1"/>
        <line num="29" type="stmt" count="1"/>
        <line num="32" type="method" name="cannotCreate" visibility="public" complexity="1" crap="1" count="1"/>
        <line num="34" type="stmt" count="1"/>
        <line num="35" type="stmt" count="1"/>
        <line num="36" type="stmt" count="1"/>
        <line num="37" type="stmt" count="1"/>
        <line num="38" type="stmt" count="1"/>
        <line num="39" type="stmt" count="1"/>
        <line num="40" type="stmt" count="1"/>
        <line num="41" type="stmt" count="1"/>
        <line num="42" type="stmt" count="1"/>
        <line num="43" type="stmt" count="1"/>
        <metrics loc="46" ncloc="46" classes="1" methods="3" coveredmethods="3" conditionals="0" coveredconditionals="0" statements="24" coveredstatements="24" elements="27" coveredelements="27"/>
      </file>
      <file name="/workspace/src/ContainerException.php">
        <class name="spriebsch\diContainer\ContainerException" namespace="spriebsch\diContainer">
          <metrics complexity="7" methods="7" coveredmethods="7" conditionals="0" coveredconditionals="0" statements="40" coveredstatements="40" elements="47" coveredelements="47"/>
        </class>
        <line num="11" type="method" name="factoryClassDoesNotExist" visibility="public" complexity="1" crap="1" count="1"/>
        <line num="13" type="stmt" count="1"/>
        <line num="14" type="stmt" count="1"/>
        <line num="15" type="stmt" count="1"/>
        <line num="16" type="stmt" count="1"/>
        <line num="17" type="stmt" count="1"/>
        <line num="18" type="stmt" count="1"/>
        <line num="21" type="method" name="factoryIsNoInstanceOfAbstractFactory" visibility="public" complexity="1" crap="1" count="1"/>
        <line num="23" type="stmt" count="1"/>
        <line num="24" type="stmt" count="1"/>
        <line num="25" type="stmt" count="1"/>
        <line num="26" type="stmt" count="1"/>
        <line num="27" type="stmt" count="1"/>
        <line num="28" type="stmt" count="1"/>
        <line num="29" type="stmt" count="1"/>
        <line num="32" type="method" name="virtualTypeDoesNotExist" visibility="public" complexity="1" crap="1" count="2"/>
        <line num="34" type="stmt" count="2"/>
        <line num="37" type="method" name="typeDoesNotExist" visibility="public" complexity="1" crap="1" count="1"/>
        <line num="39" type="stmt" count="1"/>
        <line num="42" type="method" name="exceptionWhileCreating" visibility="public" complexity="1" crap="1" count="8"/>
        <line num="44" type="stmt" count="8"/>
        <line num="45" type="stmt" count="8"/>
        <line num="46" type="stmt" count="8"/>
        <line num="47" type="stmt" count="8"/>
        <line num="48" type="stmt" count="8"/>
        <line num="49" type="stmt" count="8"/>
        <line num="50" type="stmt" count="8"/>
        <line num="51" type="stmt" count="8"/>
        <line num="52" type="stmt" count="8"/>
        <line num="55" type="method" name="factoryMethodDidNotReturnObject" visibility="public" complexity="1" crap="1" count="2"/>
        <line num="57" type="stmt" count="2"/>
        <line num="58" type="stmt" count="2"/>
        <line num="59" type="stmt" count="2"/>
        <line num="60" type="stmt" count="2"/>
        <line num="61" type="stmt" count="2"/>
        <line num="62" type="stmt" count="2"/>
        <line num="63" type="stmt" count="2"/>
        <line num="69" type="method" name="numberOfArgumentsMismatch" visibility="public" complexity="1" crap="1" count="2"/>
        <line num="71" type="stmt" count="2"/>
        <line num="72" type="stmt" count="2"/>
        <line num="73" type="stmt" count="2"/>
        <line num="74" type="stmt" count="2"/>
        <line num="75" type="stmt" count="2"/>
        <line num="76" type="stmt" count="2"/>
        <line num="77" type="stmt" count="2"/>
        <line num="78" type="stmt" count="2"/>
        <line num="79" type="stmt" count="2"/>
        <metrics loc="82" ncloc="79" classes="1" methods="7" coveredmethods="7" conditionals="0" coveredconditionals="0" statements="40" coveredstatements="40" elements="47" coveredelements="47"/>
      </file>
      <file name="/workspace/src/DIContainer.php">
        <class name="spriebsch\diContainer\DIContainer" namespace="spriebsch\diContainer">
          <metrics complexity="9" methods="4" coveredmethods="4" conditionals="0" coveredconditionals="0" statements="18" coveredstatements="18" elements="22" coveredelements="22"/>
        </class>
        <line num="12" type="method" name="__construct" visibility="public" complexity="5" crap="5" count="36"/>
        <line num="14" type="stmt" count="36"/>
        <line num="16" type="stmt" count="36"/>
        <line num="18" type="stmt" count="36"/>
        <line num="19" type="stmt" count="35"/>
        <line num="20" type="stmt" count="1"/>
        <line num="23" type="stmt" count="34"/>
        <line num="24" type="stmt" count="1"/>
        <line num="27" type="stmt" count="33"/>
        <line num="28" type="stmt" count="33"/>
        <line num="31" type="stmt" count="34"/>
        <line num="32" type="stmt" count="1"/>
        <line num="35" type="stmt" count="33"/>
        <line num="38" type="method" name="get" visibility="public" complexity="2" crap="2" count="32"/>
        <line num="40" type="stmt" count="32"/>
        <line num="42" type="stmt" count="32"/>
        <line num="43" type="stmt" count="32"/>
        <line num="46" type="stmt" count="21"/>
        <line num="49" type="method" name="has" visibility="public" complexity="1" crap="1" count="32"/>
        <line num="51" type="stmt" count="32"/>
        <line num="54" type="method" name="add" visibility="private" complexity="1" crap="1" count="21"/>
        <line num="56" type="stmt" count="21"/>
        <metrics loc="59" ncloc="58" classes="1" methods="4" coveredmethods="4" conditionals="0" coveredconditionals="0" statements="18" coveredstatements="18" elements="22" coveredelements="22"/>
      </file>
      <file name="/workspace/src/Type.php">
        <class name="spriebsch\diContainer\Type" namespace="spriebsch\diContainer">
          <metrics complexity="13" methods="8" coveredmethods="8" conditionals="0" coveredconditionals="0" statements="24" coveredstatements="24" elements="32" coveredelements="32"/>
        </class>
        <line num="14" type="method" name="__construct" visibility="public" complexity="1" crap="1" count="32"/>
        <line num="16" type="stmt" count="32"/>
        <line num="17" type="stmt" count="32"/>
        <line num="20" type="method" name="type" visibility="public" complexity="1" crap="1" count="32"/>
        <line num="22" type="stmt" count="32"/>
        <line num="28" type="method" name="parameters" visibility="public" complexity="1" crap="1" count="32"/>
        <line num="30" type="stmt" count="32"/>
        <line num="33" type="method" name="serialize" visibility="public" complexity="3" crap="3" count="32"/>
        <line num="35" type="stmt" count="32"/>
        <line num="37" type="stmt" count="32"/>
        <line num="38" type="stmt" count="13"/>
        <line num="39" type="stmt" count="1"/>
        <line num="41" type="stmt" count="12"/>
        <line num="45" type="stmt" count="32"/>
        <line num="46" type="stmt" count="32"/>
        <line num="47" type="stmt" count="32"/>
        <line num="48" type="stmt" count="32"/>
        <line num="49" type="stmt" count="32"/>
        <line num="50" type="stmt" count="32"/>
        <line num="53" type="method" name="exists" visibility="public" complexity="2" crap="2" count="32"/>
        <line num="55" type="stmt" count="32"/>
        <line num="58" type="method" name="isVirtual" visibility="public" complexity="1" crap="1" count="32"/>
        <line num="60" type="stmt" count="32"/>
        <line num="63" type="method" name="shortNameMethod" visibility="public" complexity="2" crap="2" count="19"/>
        <line num="65" type="stmt" count="19"/>
        <line num="66" type="stmt" count="3"/>
        <line num="70" type="stmt" count="17"/>
        <line num="72" type="stmt" count="17"/>
        <line num="75" type="method" name="longNameMethod" visibility="public" complexity="2" crap="2" count="19"/>
        <line num="77" type="stmt" count="19"/>
        <line num="78" type="stmt" count="3"/>
        <line num="81" type="stmt" count="17"/>
        <metrics loc="84" ncloc="79" classes="1" methods="8" coveredmethods="8" conditionals="0" coveredconditionals="0" statements="24" coveredstatements="24" elements="32" coveredelements="32"/>
      </file>
    </package>
    <file name="/workspace/src/Configuration.php">
      <metrics loc="6" ncloc="6" classes="0" methods="0" coveredmethods="0" conditionals="0" coveredconditionals="0" statements="0" coveredstatements="0" elements="0" coveredelements="0"/>
    </file>
    <file name="/workspace/src/Container.php">
      <metrics loc="9" ncloc="9" classes="0" methods="0" coveredmethods="0" conditionals="0" coveredconditionals="0" statements="0" coveredstatements="0" elements="0" coveredelements="0"/>
    </file>
    <file name="/workspace/src/autoload.php">
      <metrics loc="28" ncloc="24" classes="0" methods="0" coveredmethods="0" conditionals="0" coveredconditionals="0" statements="0" coveredstatements="0" elements="0" coveredelements="0"/>
    </file>
    <metrics files="8" loc="510" ncloc="493" classes="5" methods="35" coveredmethods="33" conditionals="0" coveredconditionals="0" statements="178" coveredstatements="175" elements="213" coveredelements="208"/>
  </project>
</coverage>
